===================================================
Iniciando proceso de carga segura para 03_funciones_de_Ruteo.sql
===================================================
Contenedor objetivo: postgis_transporte
Usuario/DB: admin/transporte

1. Esperando a que el servidor PostGIS esté listo para conexiones (Max 15 reintentos)...
   [FALLO] Intento 1. Esperando 3 segundos...
   [FALLO] Intento 2. Esperando 3 segundos...
   [FALLO] Intento 3. Esperando 3 segundos...
   [FALLO] Intento 4. Esperando 3 segundos...
   [FALLO] Intento 5. Esperando 3 segundos...
   [FALLO] Intento 6. Esperando 3 segundos...
   [FALLO] Intento 7. Esperando 3 segundos...
   [FALLO] Intento 8. Esperando 3 segundos...
   [FALLO] Intento 9. Esperando 3 segundos...
   [FALLO] Intento 10. Esperando 3 segundos...
   [FALLO] Intento 11. Esperando 3 segundos...
   [FALLO] Intento 12. Esperando 3 segundos...
   [FALLO] Intento 13. Esperando 3 segundos...
   [FALLO] Intento 14. Esperando 3 segundos...
   [FALLO] Intento 15. Esperando 3 segundos...

===================================================
ERROR CRÍTICO: El servidor PostGIS nunca estuvo listo después de 15 intentos.
Debe revisar los logs del contenedor con: docker logs postgis_transporte
===================================================
