
===================================================
 INICIO DEL PROCESO DE CARGA DIAGNÓSTICO
===================================================
1. Moviendo 02_carga_datos.sql y scripts 03_* fuera de initdb...
2. Reiniciando contenedores...
time="2025-10-27T18:27:10-03:00" level=warning msg="/home/damaso/Documentos/TSIG/transporte-master/docker-compose.yml: the attribute `version` is obsolete, it will be ignored, please remove it to avoid potential confusion"
 Volume transporte-master_postgis_data  Removing
 Volume transporte-master_postgis_data  Removed
time="2025-10-27T18:27:10-03:00" level=warning msg="/home/damaso/Documentos/TSIG/transporte-master/docker-compose.yml: the attribute `version` is obsolete, it will be ignored, please remove it to avoid potential confusion"
 Network transporte-master_default  Creating
 Network transporte-master_default  Created
 Volume "transporte-master_postgis_data"  Creating
 Volume "transporte-master_postgis_data"  Created
 Container postgis_transporte  Creating
 Container postgis_transporte  Created
 Container geoserver_transporte  Creating
 Container app_transporte_jakarta  Creating
 Container app_transporte_jakarta  Created
 Container geoserver_transporte  Created
 Container postgis_transporte  Starting
 Container postgis_transporte  Started
 Container geoserver_transporte  Starting
 Container app_transporte_jakarta  Starting
 Container app_transporte_jakarta  Started
 Container geoserver_transporte  Started
===================================================
3. Esperando a que el servidor PostGIS esté listo (Max 30 reintentos)
===================================================
   [FALLO] Intento 1. Esperando 3 segundos...
   [FALLO] Intento 2. Esperando 3 segundos...
   [FALLO] Intento 3. Esperando 3 segundos...
   [FALLO] Intento 4. Esperando 3 segundos...
   [FALLO] Intento 5. Esperando 3 segundos...
   [FALLO] Intento 6. Esperando 3 segundos...
   [FALLO] Intento 7. Esperando 3 segundos...
   [FALLO] Intento 8. Esperando 3 segundos...
   [FALLO] Intento 9. Esperando 3 segundos...
   [FALLO] Intento 10. Esperando 3 segundos...
   [FALLO] Intento 11. Esperando 3 segundos...
   [FALLO] Intento 12. Esperando 3 segundos...
   [FALLO] Intento 13. Esperando 3 segundos...
   [FALLO] Intento 14. Esperando 3 segundos...
   [FALLO] Intento 15. Esperando 3 segundos...
   [FALLO] Intento 16. Esperando 3 segundos...
   [FALLO] Intento 17. Esperando 3 segundos...
   [FALLO] Intento 18. Esperando 3 segundos...
   [FALLO] Intento 19. Esperando 3 segundos...
   [FALLO] Intento 20. Esperando 3 segundos...
   [FALLO] Intento 21. Esperando 3 segundos...
   [FALLO] Intento 22. Esperando 3 segundos...
   [FALLO] Intento 23. Esperando 3 segundos...
   [FALLO] Intento 24. Esperando 3 segundos...
   [FALLO] Intento 25. Esperando 3 segundos...
   [FALLO] Intento 26. Esperando 3 segundos...
   [FALLO] Intento 27. Esperando 3 segundos...
   [FALLO] Intento 28. Esperando 3 segundos...
   [FALLO] Intento 29. Esperando 3 segundos...
   [FALLO] Intento 30. Esperando 3 segundos...
===================================================
ERROR CRÍTICO: El servidor PostGIS no respondió.
===================================================
=== LOGS COMPLETOS DEL CONTENEDOR POSTGIS ===
Creating /settings directory
Creating /docker-entrypoint.initdb.d directory
Creating /ssl_certificates directory
Add rule to pg_hba: 0.0.0.0/0
Add rule to pg_hba: replication replicator 
 _  __          _                  ____             _             
| |/ /__ _ _ __| |_ ___ ______ _  |  _ \  ___   ___| | _____ _ __ 
| ' // _` | '__| __/ _ \_  / _` | | | | |/ _ \ / __| |/ / _ \ '__|
| . \ (_| | |  | || (_) / / (_| | | |_| | (_) | (__|   <  __/ |   
|_|\_\__,_|_|   \__\___/___\__,_| |____/ \___/ \___|_|\_\___|_|   
                                                                  
 ____           _    ____ ___ ____  
|  _ \ ___  ___| |_ / ___|_ _/ ___| 
| |_) / _ \/ __| __| |  _ | |\___ \ 
|  __/ (_) \__ \ |_| |_| || | ___) |
|_|   \___/|___/\__|\____|___|____/ 
                                    
[Entrypoint] GENERATED Postgres  PASSWORD: [1;31m BEfq8rPfeA0jNqBjaIxG [0m
[Entrypoint] GENERATED Replication  PASSWORD: [1;34m 2ZMm1uR9korJq1H9jF3r8x [0m
[Entrypoint] Setup master database [0m
Creating /opt/archivedir directory
[32m [Entrypoint] Initializing Postgres Database at  [1;31m /var/lib/postgresql/data/pgdata  [0m
Creating /var/lib/postgresql/data/pgdata directory
[32m [Entrypoint] Initializing Cluster with the following commands Postgres Database at  [1;31m /usr/lib/postgresql/15/bin/initdb -U postgres --pwfile=<(echo admin) -E UTF8 --lc-collate=en_US.UTF-8 --lc-ctype=en_US.UTF-8 --wal-segsize=32 --auth=scram-sha-256 -D /var/lib/postgresql/data/pgdata    [0m
The files belonging to this database system will be owned by user "postgres".
This user must also own the server process.

The database cluster will be initialized with this locale configuration:
  provider:    libc
  LC_COLLATE:  en_US.UTF-8
  LC_CTYPE:    en_US.UTF-8
  LC_MESSAGES: C
  LC_MONETARY: C
  LC_NUMERIC:  C
  LC_TIME:     C
The default text search configuration will be set to "english".

Data page checksums are disabled.

fixing permissions on existing directory /var/lib/postgresql/data/pgdata ... ok
creating subdirectories ... ok
selecting dynamic shared memory implementation ... posix
selecting default max_connections ... 100
selecting default shared_buffers ... 128MB
selecting default time zone ... Etc/UTC
creating configuration files ... ok
running bootstrap script ... ok
performing post-bootstrap initialization ... ok
syncing data to disk ... ok

Success. You can now start the database server using:

    /usr/lib/postgresql/15/bin/pg_ctl -D /var/lib/postgresql/data/pgdata -l logfile start

===================================================
