27-Oct-2025 15:19:18.127 INFO [main] org.apache.catalina.startup.VersionLoggerListener.log Server version name:   Apache Tomcat/10.1.46
27-Oct-2025 15:19:18.680 INFO [main] org.apache.catalina.startup.VersionLoggerListener.log Server built:          Sep 8 2025 14:26:21 UTC
27-Oct-2025 15:19:18.683 INFO [main] org.apache.catalina.startup.VersionLoggerListener.log Server version number: 10.1.46.0
27-Oct-2025 15:19:18.684 INFO [main] org.apache.catalina.startup.VersionLoggerListener.log OS Name:               Linux
27-Oct-2025 15:19:18.684 INFO [main] org.apache.catalina.startup.VersionLoggerListener.log OS Version:            6.6.87.2-microsoft-standard-WSL2
27-Oct-2025 15:19:18.684 INFO [main] org.apache.catalina.startup.VersionLoggerListener.log Architecture:          amd64
27-Oct-2025 15:19:18.684 INFO [main] org.apache.catalina.startup.VersionLoggerListener.log Java Home:             /opt/java/openjdk
27-Oct-2025 15:19:18.684 INFO [main] org.apache.catalina.startup.VersionLoggerListener.log JVM Version:           21.0.8+9-LTS
27-Oct-2025 15:19:18.685 INFO [main] org.apache.catalina.startup.VersionLoggerListener.log JVM Vendor:            Eclipse Adoptium
27-Oct-2025 15:19:18.685 INFO [main] org.apache.catalina.startup.VersionLoggerListener.log CATALINA_BASE:         /usr/local/tomcat
27-Oct-2025 15:19:18.685 INFO [main] org.apache.catalina.startup.VersionLoggerListener.log CATALINA_HOME:         /usr/local/tomcat
27-Oct-2025 15:19:19.250 INFO [main] org.apache.catalina.startup.VersionLoggerListener.log Command line argument: -Djava.util.logging.config.file=/usr/local/tomcat/conf/logging.properties
27-Oct-2025 15:19:19.250 INFO [main] org.apache.catalina.startup.VersionLoggerListener.log Command line argument: -Djava.util.logging.manager=org.apache.juli.ClassLoaderLogManager
27-Oct-2025 15:19:19.251 INFO [main] org.apache.catalina.startup.VersionLoggerListener.log Command line argument: -Djdk.tls.ephemeralDHKeySize=2048
27-Oct-2025 15:19:19.251 INFO [main] org.apache.catalina.startup.VersionLoggerListener.log Command line argument: -Djava.protocol.handler.pkgs=org.apache.catalina.webresources
27-Oct-2025 15:19:19.251 INFO [main] org.apache.catalina.startup.VersionLoggerListener.log Command line argument: -Dsun.io.useCanonCaches=false
27-Oct-2025 15:19:19.251 INFO [main] org.apache.catalina.startup.VersionLoggerListener.log Command line argument: -Dorg.apache.catalina.security.SecurityListener.UMASK=0027
27-Oct-2025 15:19:19.252 INFO [main] org.apache.catalina.startup.VersionLoggerListener.log Command line argument: --add-opens=java.base/java.lang=ALL-UNNAMED
27-Oct-2025 15:19:19.252 INFO [main] org.apache.catalina.startup.VersionLoggerListener.log Command line argument: --add-opens=java.base/java.lang.reflect=ALL-UNNAMED
27-Oct-2025 15:19:19.252 INFO [main] org.apache.catalina.startup.VersionLoggerListener.log Command line argument: --add-opens=java.base/java.io=ALL-UNNAMED
27-Oct-2025 15:19:19.253 INFO [main] org.apache.catalina.startup.VersionLoggerListener.log Command line argument: --add-opens=java.base/java.util=ALL-UNNAMED
27-Oct-2025 15:19:19.253 INFO [main] org.apache.catalina.startup.VersionLoggerListener.log Command line argument: --add-opens=java.base/java.util.concurrent=ALL-UNNAMED
27-Oct-2025 15:19:19.254 INFO [main] org.apache.catalina.startup.VersionLoggerListener.log Command line argument: --add-opens=java.rmi/sun.rmi.transport=ALL-UNNAMED
27-Oct-2025 15:19:19.254 INFO [main] org.apache.catalina.startup.VersionLoggerListener.log Command line argument: -Dcatalina.base=/usr/local/tomcat
27-Oct-2025 15:19:19.254 INFO [main] org.apache.catalina.startup.VersionLoggerListener.log Command line argument: -Dcatalina.home=/usr/local/tomcat
27-Oct-2025 15:19:19.254 INFO [main] org.apache.catalina.startup.VersionLoggerListener.log Command line argument: -Djava.io.tmpdir=/usr/local/tomcat/temp
27-Oct-2025 15:19:20.079 INFO [main] org.apache.catalina.core.AprLifecycleListener.lifecycleEvent Loaded Apache Tomcat Native library [2.0.9] using APR version [1.7.2].
27-Oct-2025 15:19:20.627 INFO [main] org.apache.catalina.core.AprLifecycleListener.initializeSSL OpenSSL successfully initialized [OpenSSL 3.0.13 30 Jan 2024]
27-Oct-2025 15:19:24.899 INFO [main] org.apache.coyote.AbstractProtocol.init Initializing ProtocolHandler ["http-nio-8080"]
27-Oct-2025 15:19:25.248 INFO [main] org.apache.catalina.startup.Catalina.load Server initialization in [12425] milliseconds
27-Oct-2025 15:19:25.618 INFO [main] org.apache.catalina.core.StandardService.startInternal Starting service [Catalina]
27-Oct-2025 15:19:25.619 INFO [main] org.apache.catalina.core.StandardEngine.startInternal Starting Servlet engine: [Apache Tomcat/10.1.46]
27-Oct-2025 15:19:26.062 INFO [main] org.apache.catalina.startup.HostConfig.deployWAR Deploying web application archive [/usr/local/tomcat/webapps/transporte.war]
27-Oct-2025 15:19:39.592 INFO [main] org.apache.jasper.servlet.TldScanner.scanJars At least one JAR was scanned for TLDs yet contained no TLDs. Enable debug logging for this logger for a complete list of JARs that were scanned but no TLDs were found in them. Skipping unneeded JARs during scanning can improve startup time and JSP compilation time.
27-Oct-2025 15:19:40.138 WARNING [main] org.apache.catalina.util.SessionIdGeneratorBase.createSecureRandom Creation of SecureRandom instance for session ID generation using [SHA1PRNG] took [133] milliseconds.
27-Oct-2025 15:19:42.964 INFO [main] org.apache.catalina.startup.HostConfig.deployWAR Deployment of web application archive [/usr/local/tomcat/webapps/transporte.war] has finished in [16,902] ms
27-Oct-2025 15:19:42.973 INFO [main] org.apache.coyote.AbstractProtocol.start Starting ProtocolHandler ["http-nio-8080"]
27-Oct-2025 15:19:43.072 INFO [main] org.apache.catalina.startup.Catalina.start Server startup in [17821] milliseconds
